android/build/intermediates/manifest_merge_blame_file/debug/processDebugMainManifest/manifest-merger-blame-debug-report.txt
1<?xml version="1.0" encoding="utf-8"?>
2<manifest xmlns:android="http://schemas.android.com/apk/res/android"
3    package="com.dani.mijuego"
4    android:versionCode="1"
5    android:versionName="1.0" >
6
7    <uses-sdk
8        android:minSdkVersion="21"
9        android:targetSdkVersion="35" />
10
11    <uses-feature
11-->Proyecto\android\AndroidManifest.xml:5:5-7:35
12        android:glEsVersion="0x00020000"
12-->Proyecto\android\AndroidManifest.xml:6:9-41
13        android:required="true" />
13-->Proyecto\android\AndroidManifest.xml:7:9-32
14
15    <uses-permission android:name="android.permission.VIBRATE" />
15-->Proyecto\android\AndroidManifest.xml:9:5-66
15-->Proyecto\android\AndroidManifest.xml:9:22-63
16
17    <permission
17-->[androidx.core:core:1.15.0] AndroidManifest.xml:22:5-24:47
18        android:name="com.dani.mijuego.DYNAMIC_RECEIVER_NOT_EXPORTED_PERMISSION"
18-->[androidx.core:core:1.15.0] AndroidManifest.xml:23:9-81
19        android:protectionLevel="signature" />
19-->[androidx.core:core:1.15.0] AndroidManifest.xml:24:9-44
20
21    <uses-permission android:name="com.dani.mijuego.DYNAMIC_RECEIVER_NOT_EXPORTED_PERMISSION" />
21-->[androidx.core:core:1.15.0] AndroidManifest.xml:26:5-97
21-->[androidx.core:core:1.15.0] AndroidManifest.xml:26:22-94
22
23    <application
23-->Proyecto\android\AndroidManifest.xml:11:5-36:19
24        android:allowBackup="true"
24-->Proyecto\android\AndroidManifest.xml:12:9-35
25        android:appCategory="game"
25-->Proyecto\android\AndroidManifest.xml:16:9-35
26        android:appComponentFactory="androidx.core.app.CoreComponentFactory"
26-->[androidx.core:core:1.15.0] AndroidManifest.xml:28:18-86
27        android:debuggable="true"
28        android:extractNativeLibs="true"
29        android:fullBackupContent="true"
29-->Proyecto\android\AndroidManifest.xml:13:9-41
30        android:icon="@mipmap/foto"
30-->Proyecto\android\AndroidManifest.xml:14:9-36
31        android:isGame="true"
31-->Proyecto\android\AndroidManifest.xml:15:9-30
32        android:label="@string/app_name"
32-->Proyecto\android\AndroidManifest.xml:17:9-41
33        android:testOnly="true"
34        android:theme="@style/GdxTheme" >
34-->Proyecto\android\AndroidManifest.xml:19:9-40
35        <activity
35-->Proyecto\android\AndroidManifest.xml:21:9-34:20
36            android:name="com.dani.mijuego.android.AndroidLauncher"
36-->Proyecto\android\AndroidManifest.xml:22:13-68
37            android:configChanges="keyboard|keyboardHidden|navigation|orientation|screenSize|screenLayout|uiMode"
37-->Proyecto\android\AndroidManifest.xml:25:13-114
38            android:exported="true"
38-->Proyecto\android\AndroidManifest.xml:26:13-36
39            android:label="@string/app_name"
39-->Proyecto\android\AndroidManifest.xml:23:13-45
40            android:resizeableActivity="false"
40-->Proyecto\android\AndroidManifest.xml:27:13-47
41            android:screenOrientation="portrait" >
41-->Proyecto\android\AndroidManifest.xml:24:13-49
42            <intent-filter>
42-->Proyecto\android\AndroidManifest.xml:29:13-32:29
43                <action android:name="android.intent.action.MAIN" />
43-->Proyecto\android\AndroidManifest.xml:30:17-69
43-->Proyecto\android\AndroidManifest.xml:30:25-66
44
45                <category android:name="android.intent.category.LAUNCHER" />
45-->Proyecto\android\AndroidManifest.xml:31:17-77
45-->Proyecto\android\AndroidManifest.xml:31:27-74
46            </intent-filter>
47        </activity>
48
49        <provider
49-->[androidx.profileinstaller:profileinstaller:1.3.0] AndroidManifest.xml:24:9-32:20
50            android:name="androidx.startup.InitializationProvider"
50-->[androidx.profileinstaller:profileinstaller:1.3.0] AndroidManifest.xml:25:13-67
51            android:authorities="com.dani.mijuego.androidx-startup"
51-->[androidx.profileinstaller:profileinstaller:1.3.0] AndroidManifest.xml:26:13-68
52            android:exported="false" >
52-->[androidx.profileinstaller:profileinstaller:1.3.0] AndroidManifest.xml:27:13-37
53            <meta-data
53-->[androidx.profileinstaller:profileinstaller:1.3.0] AndroidManifest.xml:29:13-31:52
54                android:name="androidx.profileinstaller.ProfileInstallerInitializer"
54-->[androidx.profileinstaller:profileinstaller:1.3.0] AndroidManifest.xml:30:17-85
55                android:value="androidx.startup" />
55-->[androidx.profileinstaller:profileinstaller:1.3.0] AndroidManifest.xml:31:17-49
56        </provider>
57
58        <receiver
58-->[androidx.profileinstaller:profileinstaller:1.3.0] AndroidManifest.xml:34:9-52:20
59            android:name="androidx.profileinstaller.ProfileInstallReceiver"
59-->[androidx.profileinstaller:profileinstaller:1.3.0] AndroidManifest.xml:35:13-76
60            android:directBootAware="false"
60-->[androidx.profileinstaller:profileinstaller:1.3.0] AndroidManifest.xml:36:13-44
61            android:enabled="true"
61-->[androidx.profileinstaller:profileinstaller:1.3.0] AndroidManifest.xml:37:13-35
62            android:exported="true"
62-->[androidx.profileinstaller:profileinstaller:1.3.0] AndroidManifest.xml:38:13-36
63            android:permission="android.permission.DUMP" >
63-->[androidx.profileinstaller:profileinstaller:1.3.0] AndroidManifest.xml:39:13-57
64            <intent-filter>
64-->[androidx.profileinstaller:profileinstaller:1.3.0] AndroidManifest.xml:40:13-42:29
65                <action android:name="androidx.profileinstaller.action.INSTALL_PROFILE" />
65-->[androidx.profileinstaller:profileinstaller:1.3.0] AndroidManifest.xml:41:17-91
65-->[androidx.profileinstaller:profileinstaller:1.3.0] AndroidManifest.xml:41:25-88
66            </intent-filter>
67            <intent-filter>
67-->[androidx.profileinstaller:profileinstaller:1.3.0] AndroidManifest.xml:43:13-45:29
68                <action android:name="androidx.profileinstaller.action.SKIP_FILE" />
68-->[androidx.profileinstaller:profileinstaller:1.3.0] AndroidManifest.xml:44:17-85
68-->[androidx.profileinstaller:profileinstaller:1.3.0] AndroidManifest.xml:44:25-82
69            </intent-filter>
70            <intent-filter>
70-->[androidx.profileinstaller:profileinstaller:1.3.0] AndroidManifest.xml:46:13-48:29
71                <action android:name="androidx.profileinstaller.action.SAVE_PROFILE" />
71-->[androidx.profileinstaller:profileinstaller:1.3.0] AndroidManifest.xml:47:17-88
71-->[androidx.profileinstaller:profileinstaller:1.3.0] AndroidManifest.xml:47:25-85
72            </intent-filter>
73            <intent-filter>
73-->[androidx.profileinstaller:profileinstaller:1.3.0] AndroidManifest.xml:49:13-51:29
74                <action android:name="androidx.profileinstaller.action.BENCHMARK_OPERATION" />
74-->[androidx.profileinstaller:profileinstaller:1.3.0] AndroidManifest.xml:50:17-95
74-->[androidx.profileinstaller:profileinstaller:1.3.0] AndroidManifest.xml:50:25-92
75            </intent-filter>
76        </receiver>
77    </application>
78
79</manifest>